2024-11-01 09:42:44,992 [1] ERROR log4net.Logger -
Attempted to divide by zero.
System.DivideByZeroException: Attempted to divide by zero.
   at LoggingExample.Divide(Int32 a, Int32 b) in C:\Users\ASUS\Desktop\c#.net\visual studio\log4net\Program.cs:line 24
2024-11-01 09:42:45,035 [1] INFO  log4net.Logger -
Attempted to divide by zero.
System.DivideByZeroException: Attempted to divide by zero.
   at LoggingExample.Divide(Int32 a, Int32 b) in C:\Users\ASUS\Desktop\c#.net\visual studio\log4net\Program.cs:line 24
2024-11-01 09:42:45,036 [1] FATAL log4net.Logger -
Attempted to divide by zero.
System.DivideByZeroException: Attempted to divide by zero.
   at LoggingExample.Divide(Int32 a, Int32 b) in C:\Users\ASUS\Desktop\c#.net\visual studio\log4net\Program.cs:line 24
2024-11-01 09:42:45,042 [1] DEBUG log4net.Logger -
Attempted to divide by zero.
System.DivideByZeroException: Attempted to divide by zero.
   at LoggingExample.Divide(Int32 a, Int32 b) in C:\Users\ASUS\Desktop\c#.net\visual studio\log4net\Program.cs:line 24
2024-11-01 09:42:45,042 [1] WARN  log4net.Logger -
Attempted to divide by zero.
System.DivideByZeroException: Attempted to divide by zero.
   at LoggingExample.Divide(Int32 a, Int32 b) in C:\Users\ASUS\Desktop\c#.net\visual studio\log4net\Program.cs:line 24
